\BOOKMARK [1][-]{section.1}{Introduction}{}
\BOOKMARK [1][-]{section.2}{Numerical Setup}{}
\BOOKMARK [2][-]{subsection.2.1}{Numerical code and Equations}{section.2}
\BOOKMARK [2][-]{subsection.2.2}{Initial Condition}{section.2}
\BOOKMARK [1][-]{section.3}{Chemistry and Cooling}{}
\BOOKMARK [2][-]{subsection.3.1}{Molecular Cooling}{section.3}
\BOOKMARK [2][-]{subsection.3.2}{Additional Cooling Prescriptions}{section.3}
\BOOKMARK [1][-]{section.4}{Radiative Transfer}{}
\BOOKMARK [2][-]{subsection.4.1}{The radiative transfer code}{section.4}
\BOOKMARK [2][-]{subsection.4.2}{Grid construction}{section.4}
\BOOKMARK [2][-]{subsection.4.3}{SiO abundance}{section.4}
\BOOKMARK [1][-]{section.5}{Parameter Survey}{}
\BOOKMARK [2][-]{subsection.5.1}{Parameter definitions}{section.5}
\BOOKMARK [2][-]{subsection.5.2}{Reference Run}{section.5}
\BOOKMARK [1][-]{section.6}{Results}{}
\BOOKMARK [2][-]{subsection.6.1}{Comparison of cooling prescription}{section.6}
\BOOKMARK [2][-]{subsection.6.2}{Molecular cooling and H2 Chemistry}{section.6}
\BOOKMARK [2][-]{subsection.6.3}{Emission Maps, Spectra and PV diagrams}{section.6}
\BOOKMARK [2][-]{subsection.6.4}{SiO Abundance profile}{section.6}
\BOOKMARK [1][-]{section.7}{ALMA view}{}
\BOOKMARK [1][-]{section.8}{Discussion}{}
\BOOKMARK [2][-]{subsection.8.1}{EHV component and Molecular bullets}{section.8}
\BOOKMARK [2][-]{subsection.8.2}{Line transitions and ratio}{section.8}
\BOOKMARK [2][-]{subsection.8.3}{Slow Component and Grain Chemistry}{section.8}
\BOOKMARK [1][-]{section.9}{Conclusion}{}
